[Tue Apr 14 14:53:41 CEST 2026] Build failed, aux files cleaned
[Tue Apr 14 14:53:42 CEST 2026] Build failed, aux files cleaned
[Tue Apr 14 14:56:12 CEST 2026] Build failed, aux files cleaned
[Tue Apr 14 14:56:12 CEST 2026] Build failed, aux files cleaned
[Tue Apr 14 14:56:26 CEST 2026] Build failed, aux files cleaned
[Tue Apr 14 14:56:26 CEST 2026] Build failed, aux files cleaned
[Tue Apr 14 14:56:41 CEST 2026] Build failed, aux files cleaned
[Tue Apr 14 14:56:42 CEST 2026] Build failed, aux files cleaned
[Tue Apr 14 14:56:51 CEST 2026] Build failed, aux files cleaned
[Tue Apr 14 14:56:52 CEST 2026] Build failed, aux files cleaned
[Tue Apr 14 14:58:25 CEST 2026] Build failed, aux files cleaned
[Tue Apr 14 14:58:26 CEST 2026] Build failed, aux files cleaned
[Tue Apr 14 14:58:47 CEST 2026] Build succeeded
[Tue Apr 14 14:58:48 CEST 2026] Build failed, aux files cleaned
[Tue Apr 14 14:59:07 CEST 2026] Build failed, aux files cleaned
[Tue Apr 14 14:59:08 CEST 2026] Build failed, aux files cleaned
[Tue Apr 14 14:59:14 CEST 2026] Build failed, aux files cleaned
[Tue Apr 14 14:59:14 CEST 2026] Build failed, aux files cleaned
[Tue Apr 14 14:59:19 CEST 2026] Build failed, aux files cleaned
[Tue Apr 14 14:59:20 CEST 2026] Build failed, aux files cleaned
[Tue Apr 14 14:59:51 CEST 2026] Build failed, aux files cleaned
[Tue Apr 14 14:59:51 CEST 2026] Build failed, aux files cleaned
[Tue Apr 14 15:00:06 CEST 2026] Build succeeded
[Tue Apr 14 15:00:10 CEST 2026] Build succeeded
[Tue Apr 14 15:00:16 CEST 2026] Build succeeded
[Tue Apr 14 15:01:04 CEST 2026] Build succeeded
[Tue Apr 14 15:01:36 CEST 2026] Build succeeded
[Tue Apr 14 15:01:57 CEST 2026] Build succeeded
[Tue Apr 14 15:02:26 CEST 2026] Build succeeded
[Tue Apr 14 15:02:42 CEST 2026] Build succeeded
[Tue Apr 14 15:03:22 CEST 2026] Build succeeded
[Tue Apr 14 15:04:15 CEST 2026] Build failed, aux files cleaned
[Tue Apr 14 15:04:16 CEST 2026] Build failed, aux files cleaned
[Tue Apr 14 15:04:23 CEST 2026] Build succeeded
[Tue Apr 14 15:04:24 CEST 2026] Build failed, aux files cleaned
[Tue Apr 14 15:04:25 CEST 2026] Build failed, aux files cleaned
[Tue Apr 14 15:04:26 CEST 2026] Build failed, aux files cleaned
[Tue Apr 14 15:04:37 CEST 2026] Build succeeded
[Tue Apr 14 15:04:40 CEST 2026] Build failed, aux files cleaned
[Tue Apr 14 15:04:40 CEST 2026] Build failed, aux files cleaned
[Tue Apr 14 15:04:49 CEST 2026] Build succeeded
[Tue Apr 14 15:05:27 CEST 2026] Build succeeded
[Tue Apr 14 15:05:40 CEST 2026] Build succeeded
[Tue Apr 14 15:06:33 CEST 2026] Build succeeded
[Tue Apr 14 15:06:45 CEST 2026] Build succeeded
[Tue Apr 14 15:07:04 CEST 2026] Build succeeded
[Tue Apr 14 15:07:11 CEST 2026] Build succeeded
[Tue Apr 14 15:07:15 CEST 2026] Build succeeded
[Tue Apr 14 15:07:18 CEST 2026] Build succeeded
[Tue Apr 14 15:07:54 CEST 2026] Build failed, aux files cleaned
[Tue Apr 14 15:07:55 CEST 2026] Build failed, aux files cleaned
[Tue Apr 14 15:07:56 CEST 2026] Build failed, aux files cleaned
[Tue Apr 14 15:07:57 CEST 2026] Build failed, aux files cleaned
[Tue Apr 14 15:08:00 CEST 2026] Build succeeded
[Tue Apr 14 15:08:01 CEST 2026] Build succeeded
[Tue Apr 14 15:08:50 CEST 2026] Build succeeded
[Tue Apr 14 15:19:44 CEST 2026] Build succeeded
[Tue Apr 14 15:19:57 CEST 2026] Build succeeded
[Tue Apr 14 15:20:31 CEST 2026] Build succeeded
[Tue Apr 14 15:21:05 CEST 2026] Build failed, aux files cleaned
[Tue Apr 14 15:21:06 CEST 2026] Build failed, aux files cleaned
[Tue Apr 14 15:21:38 CEST 2026] Build failed, aux files cleaned
[Tue Apr 14 15:21:39 CEST 2026] Build succeeded
[Tue Apr 14 15:21:39 CEST 2026] Build succeeded
[Tue Apr 14 15:21:47 CEST 2026] Build succeeded
[Tue Apr 14 15:21:50 CEST 2026] Build succeeded
[Tue Apr 14 15:21:54 CEST 2026] Build succeeded
[Tue Apr 14 15:31:57 CEST 2026] Build succeeded
[Mon Apr 20 13:29:59 CEST 2026] Build succeeded
[Mon Apr 20 13:30:46 CEST 2026] Build succeeded
[Mon Apr 20 13:30:57 CEST 2026] Build succeeded
[Mon Apr 20 13:31:03 CEST 2026] Build succeeded
[Mon Apr 20 13:31:07 CEST 2026] Build succeeded
[Mon Apr 20 13:31:12 CEST 2026] Build succeeded
[Mon Apr 20 13:31:48 CEST 2026] Build failed, aux files cleaned
[Mon Apr 20 13:31:49 CEST 2026] Build failed, aux files cleaned
[Mon Apr 20 13:32:16 CEST 2026] Build succeeded
[Mon Apr 20 13:32:22 CEST 2026] Build succeeded
[Mon Apr 20 13:32:48 CEST 2026] Build succeeded
[Mon Apr 20 13:33:41 CEST 2026] Build failed, aux files cleaned
[Mon Apr 20 13:33:42 CEST 2026] Build failed, aux files cleaned
[Mon Apr 20 13:33:46 CEST 2026] Build failed, aux files cleaned
[Mon Apr 20 13:33:47 CEST 2026] Build failed, aux files cleaned
[Mon Apr 20 13:33:50 CEST 2026] Build failed, aux files cleaned
[Mon Apr 20 13:33:51 CEST 2026] Build failed, aux files cleaned
[Mon Apr 20 13:33:57 CEST 2026] Build succeeded
[Mon Apr 20 13:33:58 CEST 2026] Build failed, aux files cleaned
[Mon Apr 20 13:34:03 CEST 2026] Build failed, aux files cleaned
[Mon Apr 20 13:34:03 CEST 2026] Build failed, aux files cleaned
[Mon Apr 20 13:36:48 CEST 2026] Build failed, aux files cleaned
[Mon Apr 20 13:36:49 CEST 2026] Build failed, aux files cleaned
[Mon Apr 20 13:36:55 CEST 2026] Build succeeded
[Mon Apr 20 13:36:56 CEST 2026] Build failed, aux files cleaned
[Mon Apr 20 13:37:05 CEST 2026] Build failed, aux files cleaned
[Mon Apr 20 13:37:05 CEST 2026] Build failed, aux files cleaned
[Mon Apr 20 13:37:07 CEST 2026] Build succeeded
[Mon Apr 20 13:37:07 CEST 2026] Build failed, aux files cleaned
[Mon Apr 20 13:37:13 CEST 2026] Build succeeded
[Mon Apr 20 13:37:13 CEST 2026] Build succeeded
[Mon Apr 20 13:37:20 CEST 2026] Build failed, aux files cleaned
[Mon Apr 20 13:37:20 CEST 2026] Build failed, aux files cleaned
[Mon Apr 20 13:37:44 CEST 2026] Build succeeded
[Mon Apr 20 13:37:46 CEST 2026] Build succeeded
[Mon Apr 20 13:38:41 CEST 2026] Build succeeded
[Mon Apr 20 13:43:04 CEST 2026] Build succeeded
[Mon Apr 20 13:43:12 CEST 2026] Build failed, aux files cleaned
[Mon Apr 20 13:43:13 CEST 2026] Build failed, aux files cleaned
[Mon Apr 20 13:43:14 CEST 2026] Build succeeded
[Mon Apr 20 13:43:14 CEST 2026] Build failed, aux files cleaned
[Mon Apr 20 13:43:19 CEST 2026] Build succeeded
[Mon Apr 20 13:43:48 CEST 2026] Build failed, aux files cleaned
[Mon Apr 20 13:43:48 CEST 2026] Build failed, aux files cleaned
[Mon Apr 20 13:44:23 CEST 2026] Build failed, aux files cleaned
[Mon Apr 20 13:44:24 CEST 2026] Build failed, aux files cleaned
[Mon Apr 20 13:44:25 CEST 2026] Build failed, aux files cleaned
[Mon Apr 20 13:44:25 CEST 2026] Build failed, aux files cleaned
[Mon Apr 20 13:44:31 CEST 2026] Build failed, aux files cleaned
[Mon Apr 20 13:44:32 CEST 2026] Build failed, aux files cleaned
[Mon Apr 20 13:44:33 CEST 2026] Build succeeded
[Mon Apr 20 13:44:33 CEST 2026] Build failed, aux files cleaned
[Mon Apr 20 13:44:40 CEST 2026] Build succeeded
[Mon Apr 20 13:44:50 CEST 2026] Build succeeded
[Mon Apr 20 13:45:26 CEST 2026] Build succeeded
[Mon Apr 20 13:45:39 CEST 2026] Build succeeded
[Mon Apr 20 14:37:29 CEST 2026] Build succeeded
[Wed Apr 22 15:07:49 CEST 2026] Build succeeded
[Wed Apr 22 15:15:19 CEST 2026] Build failed, aux files cleaned
[Wed Apr 22 15:15:20 CEST 2026] Build failed, aux files cleaned
[Wed Apr 22 15:19:04 CEST 2026] Build failed, aux files cleaned
[Wed Apr 22 15:19:05 CEST 2026] Build failed, aux files cleaned
[Wed Apr 22 15:19:10 CEST 2026] Build succeeded
[Wed Apr 22 15:19:11 CEST 2026] Build failed, aux files cleaned
[Wed Apr 22 15:19:18 CEST 2026] Build succeeded
[Wed Apr 22 15:19:56 CEST 2026] Build succeeded
[Wed Apr 22 15:24:28 CEST 2026] Build failed, aux files cleaned
[Wed Apr 22 15:24:29 CEST 2026] Build succeeded
[Wed Apr 22 15:24:41 CEST 2026] Build failed, aux files cleaned
[Wed Apr 22 15:24:42 CEST 2026] Build failed, aux files cleaned
[Wed Apr 22 15:24:50 CEST 2026] Build succeeded
[Wed Apr 22 15:24:51 CEST 2026] Build failed, aux files cleaned
[Wed Apr 22 15:25:28 CEST 2026] Build failed, aux files cleaned
[Wed Apr 22 15:25:29 CEST 2026] Build failed, aux files cleaned
[Wed Apr 22 15:25:34 CEST 2026] Build failed, aux files cleaned
[Wed Apr 22 15:25:35 CEST 2026] Build failed, aux files cleaned
[Wed Apr 22 15:25:45 CEST 2026] Build failed, aux files cleaned
[Wed Apr 22 15:25:46 CEST 2026] Build failed, aux files cleaned
[Wed Apr 22 15:26:28 CEST 2026] Build failed, aux files cleaned
[Wed Apr 22 15:26:29 CEST 2026] Build failed, aux files cleaned
[Wed Apr 22 15:26:35 CEST 2026] Build succeeded
[Wed Apr 22 15:26:47 CEST 2026] Build succeeded
[Wed Apr 22 15:26:51 CEST 2026] Build succeeded
[Wed Apr 22 15:28:41 CEST 2026] Build failed, aux files cleaned
[Wed Apr 22 15:28:42 CEST 2026] Build failed, aux files cleaned
[Wed Apr 22 15:29:04 CEST 2026] Build failed, aux files cleaned
[Wed Apr 22 15:29:05 CEST 2026] Build failed, aux files cleaned
[Wed Apr 22 15:29:21 CEST 2026] Build succeeded
[Wed Apr 22 15:29:24 CEST 2026] Build succeeded
[Wed Apr 22 15:30:07 CEST 2026] Build succeeded
[Wed Apr 22 15:30:43 CEST 2026] Build succeeded
[Wed Apr 22 15:30:49 CEST 2026] Build succeeded
[Wed Apr 22 15:30:54 CEST 2026] Build succeeded
[Wed Apr 22 15:31:06 CEST 2026] Build succeeded
[Wed Apr 22 15:32:06 CEST 2026] Build succeeded
[Wed Apr 22 15:32:59 CEST 2026] Build succeeded
[Wed Apr 22 15:33:12 CEST 2026] Build succeeded
[Wed Apr 22 15:34:06 CEST 2026] Build succeeded
[Wed Apr 22 15:34:13 CEST 2026] Build succeeded
[Wed Apr 22 15:34:21 CEST 2026] Build succeeded
[Wed Apr 22 15:34:42 CEST 2026] Build succeeded
[Wed Apr 22 15:34:51 CEST 2026] Build succeeded
[Wed Apr 22 15:35:35 CEST 2026] Build succeeded
[Wed Apr 22 15:35:41 CEST 2026] Build succeeded
[Wed Apr 22 15:35:52 CEST 2026] Build succeeded
[Wed Apr 22 15:35:59 CEST 2026] Build succeeded
[Wed Apr 22 15:36:12 CEST 2026] Build succeeded
[Wed Apr 22 15:37:40 CEST 2026] Build succeeded
[Wed Apr 22 15:40:23 CEST 2026] Build succeeded
[Wed Apr 22 15:41:09 CEST 2026] Build succeeded
[Wed Apr 22 15:42:51 CEST 2026] Build succeeded
[Wed Apr 22 15:44:27 CEST 2026] Build succeeded
[Wed Apr 22 15:45:00 CEST 2026] Build succeeded
[Wed Apr 22 15:45:25 CEST 2026] Build succeeded
[Wed Apr 22 15:48:02 CEST 2026] Build succeeded
[Wed Apr 22 15:48:46 CEST 2026] Build succeeded
[Wed Apr 22 15:48:52 CEST 2026] Build succeeded
[Wed Apr 22 15:54:44 CEST 2026] Build succeeded
[Wed Apr 22 15:54:55 CEST 2026] Build succeeded
[Wed Apr 22 16:04:16 CEST 2026] Build succeeded
[Wed Apr 22 16:05:06 CEST 2026] Build succeeded
[Wed Apr 22 16:05:14 CEST 2026] Build failed, aux files cleaned
[Wed Apr 22 16:05:14 CEST 2026] Build failed, aux files cleaned
[Wed Apr 22 16:05:21 CEST 2026] Build succeeded
[Wed Apr 22 16:05:54 CEST 2026] Build succeeded
[Wed Apr 22 16:06:07 CEST 2026] Build succeeded
[Wed Apr 22 16:06:13 CEST 2026] Build succeeded
[Wed Apr 22 16:07:15 CEST 2026] Build succeeded
[Wed Apr 22 16:07:38 CEST 2026] Build succeeded
[Wed Apr 22 16:07:46 CEST 2026] Build succeeded
[Wed Apr 22 16:07:52 CEST 2026] Build succeeded
[Wed Apr 22 16:08:33 CEST 2026] Build succeeded
[Wed Apr 22 16:09:02 CEST 2026] Build succeeded
[Wed Apr 22 16:09:09 CEST 2026] Build succeeded
[Wed Apr 22 16:09:26 CEST 2026] Build succeeded
[Wed Apr 22 16:10:42 CEST 2026] Build succeeded
[Wed Apr 22 16:11:03 CEST 2026] Build succeeded
[Wed Apr 22 16:11:19 CEST 2026] Build failed, aux files cleaned
[Wed Apr 22 16:11:20 CEST 2026] Build failed, aux files cleaned
[Wed Apr 22 16:11:24 CEST 2026] Build succeeded
[Wed Apr 22 16:11:39 CEST 2026] Build succeeded
[Wed Apr 22 17:26:20 CEST 2026] Build succeeded
[Wed Apr 22 17:28:08 CEST 2026] Build succeeded
[Wed Apr 22 17:29:47 CEST 2026] Build succeeded
[Wed Apr 22 17:30:19 CEST 2026] Build succeeded
[Wed Apr 22 17:31:07 CEST 2026] Build succeeded
[Wed Apr 22 17:31:13 CEST 2026] Build succeeded
[Wed Apr 22 17:31:32 CEST 2026] Build succeeded
[Wed Apr 22 17:34:09 CEST 2026] Build succeeded
[Wed Apr 22 17:36:13 CEST 2026] Build succeeded
[Wed Apr 22 17:36:20 CEST 2026] Build succeeded
[Wed Apr 22 17:36:34 CEST 2026] Build succeeded
[Wed Apr 22 17:37:17 CEST 2026] Build succeeded
[Wed Apr 22 17:37:26 CEST 2026] Build succeeded
[Wed Apr 22 17:37:34 CEST 2026] Build succeeded
[Wed Apr 22 17:38:05 CEST 2026] Build succeeded
[Wed Apr 22 17:39:12 CEST 2026] Build succeeded
[Wed Apr 22 17:41:31 CEST 2026] Build succeeded
[Wed Apr 22 17:42:16 CEST 2026] Build succeeded
[Wed Apr 22 17:42:31 CEST 2026] Build succeeded
[Wed Apr 22 17:42:52 CEST 2026] Build succeeded
[Wed Apr 22 17:42:56 CEST 2026] Build succeeded
[Wed Apr 22 17:44:15 CEST 2026] Build succeeded
